{"/Users/danielfeinstat/Desktop/hackReactor/FEC/popularFoods/client/src/app.jsx": {"path":"/Users/danielfeinstat/Desktop/hackReactor/FEC/popularFoods/client/src/app.jsx","statementMap":{"0":{"start":{"line":3,"column":12},"end":{"line":3,"column":40}},"1":{"start":{"line":3,"column":18},"end":{"line":3,"column":40}}},"fnMap":{"0":{"name":"(anonymous_0)","decl":{"start":{"line":3,"column":12},"end":{"line":3,"column":13}},"loc":{"start":{"line":3,"column":18},"end":{"line":3,"column":40}},"line":3}},"branchMap":{},"s":{"0":1,"1":1},"f":{"0":1},"b":{},"_coverageSchema":"43e27e138ebf9cfc5966b082cf9a028302ed4184","hash":"00bb67571addd2e0958b61b3f4bd74de658ddd8c"}
,"/Users/danielfeinstat/Desktop/hackReactor/FEC/popularFoods/client/src/carouselItem/carouselItem.jsx": {"path":"/Users/danielfeinstat/Desktop/hackReactor/FEC/popularFoods/client/src/carouselItem/carouselItem.jsx","statementMap":{},"fnMap":{},"branchMap":{},"s":{},"f":{},"b":{},"_coverageSchema":"43e27e138ebf9cfc5966b082cf9a028302ed4184","hash":"cf4fd0b32c593ef70936479760c597a8c2b14ca7"}
}
